d:\mm\mm\newtrainingframework_2015\newtrainingframework\debug-nvidia\newtrainingframework.pch
d:\mm\mm\newtrainingframework_2015\newtrainingframework\debug-nvidia\vc140.pdb
d:\mm\mm\newtrainingframework_2015\newtrainingframework\debug-nvidia\vc140.idb
d:\mm\mm\newtrainingframework_2015\newtrainingframework\debug-nvidia\stdafx.obj
d:\mm\mm\newtrainingframework_2015\newtrainingframework\debug-nvidia\camera.obj
d:\mm\mm\newtrainingframework_2015\newtrainingframework\debug-nvidia\eventsclass.obj
d:\mm\mm\newtrainingframework_2015\newtrainingframework\debug-nvidia\fire.obj
d:\mm\mm\newtrainingframework_2015\newtrainingframework\debug-nvidia\light.obj
d:\mm\mm\newtrainingframework_2015\newtrainingframework\debug-nvidia\newtrainingframework.obj
d:\mm\mm\newtrainingframework_2015\newtrainingframework\debug-nvidia\model.obj
d:\mm\mm\newtrainingframework_2015\newtrainingframework\debug-nvidia\reflectskybox.obj
d:\mm\mm\newtrainingframework_2015\newtrainingframework\debug-nvidia\resourcemanager.obj
d:\mm\mm\newtrainingframework_2015\newtrainingframework\debug-nvidia\scenemanager.obj
d:\mm\mm\newtrainingframework_2015\newtrainingframework\debug-nvidia\sceneobject.obj
d:\mm\mm\newtrainingframework_2015\newtrainingframework\debug-nvidia\shaders.obj
d:\mm\mm\newtrainingframework_2015\newtrainingframework\debug-nvidia\skybox.obj
d:\mm\mm\newtrainingframework_2015\newtrainingframework\debug-nvidia\sound.obj
d:\mm\mm\newtrainingframework_2015\newtrainingframework\debug-nvidia\terrain .obj
d:\mm\mm\newtrainingframework_2015\newtrainingframework\debug-nvidia\texture.obj
d:\mm\mm\newtrainingframework_2015\newtrainingframework\debug-nvidia\textrendering.obj
d:\mm\mm\newtrainingframework_2015\bin-nvidia\newtrainingframework.ilk
d:\mm\mm\newtrainingframework_2015\bin-nvidia\newtrainingframework.exe
d:\mm\mm\newtrainingframework_2015\bin-nvidia\newtrainingframework.pdb
d:\mm\mm\newtrainingframework_2015\\bin-nvidia\newtrainingframework.pdb
d:\mm\mm\newtrainingframework_2015\\bin-nvidia\newtrainingframework.exe
d:\mm\mm\newtrainingframework_2015\\bin-nvidia\newtrainingframework.ilk
d:\mm\mm\newtrainingframework_2015\newtrainingframework\debug-nvidia\newtrain.fc024ec8.tlog\cl.command.1.tlog
d:\mm\mm\newtrainingframework_2015\newtrainingframework\debug-nvidia\newtrain.fc024ec8.tlog\cl.read.1.tlog
d:\mm\mm\newtrainingframework_2015\newtrainingframework\debug-nvidia\newtrain.fc024ec8.tlog\cl.write.1.tlog
d:\mm\mm\newtrainingframework_2015\newtrainingframework\debug-nvidia\newtrain.fc024ec8.tlog\link.command.1.tlog
d:\mm\mm\newtrainingframework_2015\newtrainingframework\debug-nvidia\newtrain.fc024ec8.tlog\link.read.1.tlog
d:\mm\mm\newtrainingframework_2015\newtrainingframework\debug-nvidia\newtrain.fc024ec8.tlog\link.write.1.tlog
